# JRE version: OpenJDK Runtime Environment Temurin-21.0.2+13 (21.0.2+13) (build 21.0.2+13-LTS)
# Java VM: OpenJDK 64-Bit Server VM Temurin-21.0.2+13 (21.0.2+13-LTS, mixed mode, emulated-client, sharing, tiered, compressed oops, compressed class ptrs, g1 gc, windows-amd64)
GC Precious Log:
 CardTable entry size: 512
 Card Set container configuration: InlinePtr #cards 4 size 8 Array Of Cards #cards 32 size 80 Howl #buckets 8 coarsen threshold 7372 Howl Bitmap #cards 1024 size 144 coarsen threshold 921 Card regions per heap region 1 cards per card region 8192
 CPUs: 16 total, 16 available
 Memory: 32625M
 Large Page Support: Disabled
 NUMA Support: Disabled
 Compressed Oops: Enabled (Zero based)
 Heap Region Size: 4M
 Heap Min Capacity: 8M
 Heap Initial Capacity: 512M
 Heap Max Capacity: 8160M
 Pre-touch: Disabled
 Parallel Workers: 13
 Concurrent Workers: 3
 Concurrent Refinement Workers: 13
 Periodic GC: Disabled
Heap:
 garbage-first heap   total 69632K, used 47500K [0x0000000602000000, 0x0000000800000000)
  region size 4096K, 8 young (32768K), 1 survivors (4096K)
 Metaspace       used 43613K, committed 44224K, reserved 1114112K
  class space    used 5630K, committed 5888K, reserved 1048576K
GC Heap History (20 events):
Event: 1.764 GC heap after
{Heap after GC invocations=14 (full 0):
 garbage-first heap   total 57344K, used 16751K [0x0000000602000000, 0x0000000800000000)
  region size 4096K, 1 young (4096K), 1 survivors (4096K)
 Metaspace       used 32297K, committed 32832K, reserved 1114112K
  class space    used 4158K, committed 4416K, reserved 1048576K
}
Event: 1.917 GC heap before
{Heap before GC invocations=14 (full 0):
 garbage-first heap   total 57344K, used 45423K [0x0000000602000000, 0x0000000800000000)
  region size 4096K, 8 young (32768K), 1 survivors (4096K)
 Metaspace       used 35141K, committed 35712K, reserved 1114112K
  class space    used 4523K, committed 4800K, reserved 1048576K
}
Event: 1.919 GC heap after
{Heap after GC invocations=15 (full 0):
 garbage-first heap   total 290816K, used 17506K [0x0000000602000000, 0x0000000800000000)
  region size 4096K, 1 young (4096K), 1 survivors (4096K)
 Metaspace       used 35141K, committed 35712K, reserved 1114112K
  class space    used 4523K, committed 4800K, reserved 1048576K
}
Event: 1.924 GC heap before
{Heap before GC invocations=15 (full 0):
 garbage-first heap   total 290816K, used 17506K [0x0000000602000000, 0x0000000800000000)
  region size 4096K, 2 young (8192K), 1 survivors (4096K)
 Metaspace       used 35418K, committed 35968K, reserved 1114112K
  class space    used 4551K, committed 4800K, reserved 1048576K
}
Event: 1.926 GC heap after
{Heap after GC invocations=16 (full 0):
 garbage-first heap   total 290816K, used 17542K [0x0000000602000000, 0x0000000800000000)
  region size 4096K, 1 young (4096K), 1 survivors (4096K)
 Metaspace       used 35418K, committed 35968K, reserved 1114112K
  class space    used 4551K, committed 4800K, reserved 1048576K
}
Event: 2.196 GC heap before
{Heap before GC invocations=17 (full 0):
 garbage-first heap   total 81920K, used 62598K [0x0000000602000000, 0x0000000800000000)
  region size 4096K, 12 young (49152K), 1 survivors (4096K)
 Metaspace       used 40430K, committed 41024K, reserved 1114112K
  class space    used 5215K, committed 5440K, reserved 1048576K
}
Event: 2.198 GC heap after
{Heap after GC invocations=18 (full 0):
 garbage-first heap   total 81920K, used 20215K [0x0000000602000000, 0x0000000800000000)
  region size 4096K, 2 young (8192K), 2 survivors (8192K)
 Metaspace       used 40430K, committed 41024K, reserved 1114112K
  class space    used 5215K, committed 5440K, reserved 1048576K
}
Event: 463.914 GC heap before
{Heap before GC invocations=18 (full 0):
 garbage-first heap   total 81920K, used 61175K [0x0000000602000000, 0x0000000800000000)
  region size 4096K, 12 young (49152K), 2 survivors (8192K)
 Metaspace       used 43246K, committed 43840K, reserved 1114112K
  class space    used 5574K, committed 5824K, reserved 1048576K
}
Event: 463.918 GC heap after
{Heap after GC invocations=19 (full 0):
 garbage-first heap   total 81920K, used 21349K [0x0000000602000000, 0x0000000800000000)
  region size 4096K, 2 young (8192K), 2 survivors (8192K)
 Metaspace       used 43246K, committed 43840K, reserved 1114112K
  class space    used 5574K, committed 5824K, reserved 1048576K
}
Event: 1490.930 GC heap before
{Heap before GC invocations=19 (full 0):
 garbage-first heap   total 81920K, used 50021K [0x0000000602000000, 0x0000000800000000)
  region size 4096K, 10 young (40960K), 2 survivors (8192K)
 Metaspace       used 43406K, committed 44032K, reserved 1114112K
  class space    used 5601K, committed 5888K, reserved 1048576K
}
Event: 1490.998 GC heap after
{Heap after GC invocations=20 (full 1):
 garbage-first heap   total 69632K, used 14321K [0x0000000602000000, 0x0000000800000000)
  region size 4096K, 0 young (0K), 0 survivors (0K)
 Metaspace       used 43111K, committed 44032K, reserved 1114112K
  class space    used 5526K, committed 5888K, reserved 1048576K
}
Event: 1550.819 GC heap before
{Heap before GC invocations=20 (full 1):
 garbage-first heap   total 69632K, used 51185K [0x0000000602000000, 0x0000000800000000)
  region size 4096K, 10 young (40960K), 0 survivors (0K)
 Metaspace       used 43509K, committed 44096K, reserved 1114112K
  class space    used 5606K, committed 5888K, reserved 1048576K
}
Event: 1550.826 GC heap after
{Heap after GC invocations=21 (full 1):
 garbage-first heap   total 69632K, used 18630K [0x0000000602000000, 0x0000000800000000)
  region size 4096K, 2 young (8192K), 2 survivors (8192K)
 Metaspace       used 43509K, committed 44096K, reserved 1114112K
  class space    used 5606K, committed 5888K, reserved 1048576K
}
Event: 2635.566 GC heap before
{Heap before GC invocations=21 (full 1):
 garbage-first heap   total 69632K, used 47302K [0x0000000602000000, 0x0000000800000000)
  region size 4096K, 9 young (36864K), 2 survivors (8192K)
 Metaspace       used 43509K, committed 44096K, reserved 1114112K
  class space    used 5606K, committed 5888K, reserved 1048576K
}
Event: 2635.568 GC heap after
{Heap after GC invocations=22 (full 1):
 garbage-first heap   total 69632K, used 16965K [0x0000000602000000, 0x0000000800000000)
  region size 4096K, 1 young (4096K), 1 survivors (4096K)
 Metaspace       used 43509K, committed 44096K, reserved 1114112K
  class space    used 5606K, committed 5888K, reserved 1048576K
}
Event: 4029.786 GC heap before
{Heap before GC invocations=22 (full 1):
 garbage-first heap   total 69632K, used 49733K [0x0000000602000000, 0x0000000800000000)
  region size 4096K, 10 young (40960K), 1 survivors (4096K)
 Metaspace       used 43510K, committed 44096K, reserved 1114112K
  class space    used 5606K, committed 5888K, reserved 1048576K
}
Event: 4029.791 GC heap after
{Heap after GC invocations=23 (full 1):
 garbage-first heap   total 69632K, used 16828K [0x0000000602000000, 0x0000000800000000)
  region size 4096K, 1 young (4096K), 1 survivors (4096K)
 Metaspace       used 43510K, committed 44096K, reserved 1114112K
  class space    used 5606K, committed 5888K, reserved 1048576K
}
Event: 4186.658 GC heap before
{Heap before GC invocations=23 (full 1):
 garbage-first heap   total 69632K, used 53692K [0x0000000602000000, 0x0000000800000000)
  region size 4096K, 10 young (40960K), 1 survivors (4096K)
 Metaspace       used 43583K, committed 44160K, reserved 1114112K
  class space    used 5625K, committed 5888K, reserved 1048576K
}
Event: 4186.665 GC heap after
{Heap after GC invocations=24 (full 1):
 garbage-first heap   total 69632K, used 18828K [0x0000000602000000, 0x0000000800000000)
  region size 4096K, 2 young (8192K), 2 survivors (8192K)
 Metaspace       used 43583K, committed 44160K, reserved 1114112K
  class space    used 5625K, committed 5888K, reserved 1048576K
}
Event: 5257.820 GC heap before
{Heap before GC invocations=24 (full 1):
 garbage-first heap   total 69632K, used 47500K [0x0000000602000000, 0x0000000800000000)
  region size 4096K, 9 young (36864K), 2 survivors (8192K)
 Metaspace       used 43613K, committed 44224K, reserved 1114112K
  class space    used 5630K, committed 5888K, reserved 1048576K
}

